<?xml version="1.0" encoding="UTF-8" ?>
<testsuite tests="10" failures="2" name="TestSuite" time="106.807" errors="0" skipped="7">
  <properties>
[...]
</properties>
  <testcase classname="com.selenium.datadriven.test.LoginTest" name="loginTest" time="47.414"/>
  <testcase classname="com.selenium.datadriven.test.LoginTest" name="loginTest" time="0">
    <skipped/>
    <system-out>6
</system-out>
  </testcase>
  <testcase classname="com.selenium.datadriven.test.LoginTest" name="loginTest" time="0">
    <skipped/>
    <system-out>6
</system-out>
  </testcase>
  <testcase classname="com.selenium.datadriven.test.InvestmentTest" name="investmentTest" time="0.016">
    <skipped/>
    <system-out>6
</system-out>
  </testcase>
  <testcase classname="com.selenium.datadriven.test.InvestmentTest" name="investmentTest" time="0">
    <skipped/>
    <system-out>6
</system-out>
  </testcase>
  <testcase classname="com.selenium.datadriven.test.InvestmentTest" name="investmentTest" time="24.866">
    <failure message="invalid selector: Unable to locate an element with the xpath expression //*[@id=&apos;renamePortfolio&apos;] because of the following error:
TypeError: Failed to execute &apos;createNSResolver&apos; on &apos;Document&apos;: parameter 1 is not of type &apos;Node&apos;.
  (Session info: chrome=48.0.2564.116)
  (Driver info: chromedriver=2.11.298604 (75ea2fdb5c87f133a8e1b8da16f6091fb7d5321e),platform=Windows NT 6.3 x86_64) (WARNING: The server did not provide any stacktrace information)
Command duration or timeout: 3.14 seconds
For documentation on this error, please visit: http://seleniumhq.org/exceptions/invalid_selector_exception.html
Build info: version: &apos;2.42.2&apos;, revision: &apos;6a6995d31c7c56c340d6f45a76976d43506cd6cc&apos;, time: &apos;2014-06-03 10:52:47&apos;
System info: host: &apos;AliMun&apos;, ip: &apos;192.168.223.1&apos;, os.name: &apos;Windows 8.1&apos;, os.arch: &apos;amd64&apos;, os.version: &apos;6.3&apos;, java.version: &apos;1.8.0_45&apos;
Driver info: org.openqa.selenium.chrome.ChromeDriver
Capabilities [{applicationCacheEnabled=false, rotatable=false, mobileEmulationEnabled=false, chrome={userDataDir=C:\Users\Liaquat\AppData\Local\Temp\scoped_dir10332_787}, takesHeapSnapshot=true, databaseEnabled=false, handlesAlerts=true, version=48.0.2564.116, platform=WIN8_1, browserConnectionEnabled=false, nativeEvents=true, acceptSslCerts=true, locationContextEnabled=true, webStorageEnabled=true, browserName=chrome, takesScreenshot=true, javascriptEnabled=true, cssSelectorsEnabled=true}]
Session ID: 6df1d2b49783e3bbc7750feb04afcaac" type="org.openqa.selenium.InvalidSelectorException">org.openqa.selenium.InvalidSelectorException: invalid selector: Unable to locate an element with the xpath expression //*[@id=&apos;renamePortfolio&apos;] because of the following error:
TypeError: Failed to execute &apos;createNSResolver&apos; on &apos;Document&apos;: parameter 1 is not of type &apos;Node&apos;.
  (Session info: chrome=48.0.2564.116)
  (Driver info: chromedriver=2.11.298604 (75ea2fdb5c87f133a8e1b8da16f6091fb7d5321e),platform=Windows NT 6.3 x86_64) (WARNING: The server did not provide any stacktrace information)
Command duration or timeout: 3.14 seconds
For documentation on this error, please visit: http://seleniumhq.org/exceptions/invalid_selector_exception.html
Build info: version: &apos;2.42.2&apos;, revision: &apos;6a6995d31c7c56c340d6f45a76976d43506cd6cc&apos;, time: &apos;2014-06-03 10:52:47&apos;
System info: host: &apos;AliMun&apos;, ip: &apos;192.168.223.1&apos;, os.name: &apos;Windows 8.1&apos;, os.arch: &apos;amd64&apos;, os.version: &apos;6.3&apos;, java.version: &apos;1.8.0_45&apos;
Driver info: org.openqa.selenium.chrome.ChromeDriver
Capabilities [{applicationCacheEnabled=false, rotatable=false, mobileEmulationEnabled=false, chrome={userDataDir=C:\Users\Liaquat\AppData\Local\Temp\scoped_dir10332_787}, takesHeapSnapshot=true, databaseEnabled=false, handlesAlerts=true, version=48.0.2564.116, platform=WIN8_1, browserConnectionEnabled=false, nativeEvents=true, acceptSslCerts=true, locationContextEnabled=true, webStorageEnabled=true, browserName=chrome, takesScreenshot=true, javascriptEnabled=true, cssSelectorsEnabled=true}]
Session ID: 6df1d2b49783e3bbc7750feb04afcaac
	at sun.reflect.NativeConstructorAccessorImpl.newInstance0(Native Method)
	at sun.reflect.NativeConstructorAccessorImpl.newInstance(NativeConstructorAccessorImpl.java:62)
	at sun.reflect.DelegatingConstructorAccessorImpl.newInstance(DelegatingConstructorAccessorImpl.java:45)
	at java.lang.reflect.Constructor.newInstance(Constructor.java:422)
	at org.openqa.selenium.remote.ErrorHandler.createThrowable(ErrorHandler.java:204)
	at org.openqa.selenium.remote.ErrorHandler.throwIfResponseFailed(ErrorHandler.java:156)
	at org.openqa.selenium.remote.RemoteWebDriver.execute(RemoteWebDriver.java:599)
	at org.openqa.selenium.remote.RemoteWebDriver.findElements(RemoteWebDriver.java:377)
	at org.openqa.selenium.remote.RemoteWebDriver.findElementsByXPath(RemoteWebDriver.java:453)
	at org.openqa.selenium.By$ByXPath.findElements(By.java:352)
	at org.openqa.selenium.remote.RemoteWebDriver.findElements(RemoteWebDriver.java:340)
	at com.selenium.datadriven.page.BasePage.isElementPresent(BasePage.java:35)
	at com.selenium.datadriven.page.LoginPage.doLogin(LoginPage.java:52)
	at com.selenium.datadriven.test.InvestmentTest.investmentTest(InvestmentTest.java:43)
</failure>
    <system-out>6
***************************
BSE: 24,714.96 | NSE: 7,507.45 - Live Stock Market | Share Prices | Mutual Fund India: Rediff MoneyWiz
*************addVerificationFailure******************
*************getVerificationFailures******************
</system-out>
    <system-err>Starting ChromeDriver (v2.11.298604 (75ea2fdb5c87f133a8e1b8da16f6091fb7d5321e)) on port 32821
Only local connections are allowed.
</system-err>
  </testcase>
  <testcase classname="com.selenium.datadriven.test.InvestmentTest" name="investmentTest" time="0">
    <skipped/>
    <system-out>6
</system-out>
  </testcase>
  <testcase classname="com.selenium.datadriven.test.CreatePortFolioTest" name="createPortfolio" time="0">
    <skipped/>
    <system-out>6
</system-out>
  </testcase>
  <testcase classname="com.selenium.datadriven.test.CreatePortFolioTest" name="createPortfolio" time="34.511">
    <failure type="java.lang.NullPointerException">java.lang.NullPointerException
	at com.selenium.datadriven.test.CreatePortFolioTest.createPortfolio(CreatePortFolioTest.java:55)
</failure>
    <system-out>6
BSE: 24,714.96 | NSE: 7,507.45 - Live Stock Market | Share Prices | Mutual Fund India: Rediff MoneyWiz
*************addVerificationFailure******************
*************getVerificationFailures******************
com.selenium.datadriven.page.MyPortFolioPage@4b40f651
</system-out>
    <system-err>Starting ChromeDriver (v2.11.298604 (75ea2fdb5c87f133a8e1b8da16f6091fb7d5321e)) on port 18985
Only local connections are allowed.
</system-err>
  </testcase>
  <testcase classname="com.selenium.datadriven.test.CreatePortFolioTest" name="createPortfolio" time="0">
    <skipped/>
    <system-out>6
</system-out>
  </testcase>
</testsuite>